{"uid":"b4070e7c5dfb3e50","name":"test_decorators","fullName":"tests.test_decorators.TestDecorators#test_decorators","historyId":"98273a04b40efddf298adc4b624f0a85","time":{"start":1657777324515,"stop":1657777325199,"duration":684},"status":"broken","statusMessage":"selenium.common.exceptions.WebDriverException: Message: unknown error: Chrome failed to start: exited abnormally.\n  (unknown error: DevToolsActivePort file doesn't exist)\n  (The process started from chrome location /usr/bin/google-chrome is no longer running, so ChromeDriver is assuming that Chrome has crashed.)\nStacktrace:\n#0 0x561587135b13 <unknown>\n#1 0x561586f3c688 <unknown>\n#2 0x561586f60f1f <unknown>\n#3 0x561586f5c5aa <unknown>\n#4 0x561586f9764a <unknown>\n#5 0x561586f917a3 <unknown>\n#6 0x561586f670ea <unknown>\n#7 0x561586f68225 <unknown>\n#8 0x56158717d2dd <unknown>\n#9 0x5615871812c7 <unknown>\n#10 0x56158716722e <unknown>\n#11 0x5615871820a8 <unknown>\n#12 0x56158715bbc0 <unknown>\n#13 0x56158719e6c8 <unknown>\n#14 0x56158719e848 <unknown>\n#15 0x5615871b8c0d <unknown>\n#16 0x7fd21ce26609 <unknown>","statusTrace":"self = <tests.test_decorators.TestDecorators object at 0x7fd78e6f60e0>\n\n    def test_decorators(self):\n>       self.open_page()\n\ntests/test_decorators.py:27: \n_ _ _ _ _ _ _ _ _ _ _ _ _ _ _ _ _ _ _ _ _ _ _ _ _ _ _ _ _ _ _ _ _ _ _ _ _ _ _ _ \ntests/test_decorators.py:12: in open_page\n    browser.open('eroshenkoam/allure-example')\n/opt/hostedtoolcache/Python/3.10.5/x64/lib/python3.10/site-packages/selene/support/shared/browser.py:63: in open\n    self.config.get_or_create_driver().set_window_size(\n/opt/hostedtoolcache/Python/3.10.5/x64/lib/python3.10/site-packages/selene/support/shared/config.py:281: in get_or_create_driver\n    return self._source.get_or_create()\n/opt/hostedtoolcache/Python/3.10.5/x64/lib/python3.10/site-packages/selene/support/shared/config.py:129: in get_or_create\n    return self.create()\n/opt/hostedtoolcache/Python/3.10.5/x64/lib/python3.10/site-packages/selene/support/shared/config.py:110: in create\n    self._stored = self._set_driver()\n/opt/hostedtoolcache/Python/3.10.5/x64/lib/python3.10/site-packages/selene/support/shared/config.py:192: in <lambda>\n    lambda: self._set_chrome_or_firefox_from_webdriver_manager()\n/opt/hostedtoolcache/Python/3.10.5/x64/lib/python3.10/site-packages/selene/support/shared/config.py:259: in _set_chrome_or_firefox_from_webdriver_manager\n    return {'chrome': get_chrome, 'firefox': get_firefox}.get(\n/opt/hostedtoolcache/Python/3.10.5/x64/lib/python3.10/site-packages/selene/support/shared/config.py:239: in get_chrome\n    return Chrome(\n/opt/hostedtoolcache/Python/3.10.5/x64/lib/python3.10/site-packages/selenium/webdriver/chrome/webdriver.py:70: in __init__\n    super(WebDriver, self).__init__(DesiredCapabilities.CHROME['browserName'], \"goog\",\n/opt/hostedtoolcache/Python/3.10.5/x64/lib/python3.10/site-packages/selenium/webdriver/chromium/webdriver.py:92: in __init__\n    RemoteWebDriver.__init__(\n/opt/hostedtoolcache/Python/3.10.5/x64/lib/python3.10/site-packages/selenium/webdriver/remote/webdriver.py:275: in __init__\n    self.start_session(capabilities, browser_profile)\n/opt/hostedtoolcache/Python/3.10.5/x64/lib/python3.10/site-packages/selenium/webdriver/remote/webdriver.py:365: in start_session\n    response = self.execute(Command.NEW_SESSION, parameters)\n/opt/hostedtoolcache/Python/3.10.5/x64/lib/python3.10/site-packages/selenium/webdriver/remote/webdriver.py:430: in execute\n    self.error_handler.check_response(response)\n_ _ _ _ _ _ _ _ _ _ _ _ _ _ _ _ _ _ _ _ _ _ _ _ _ _ _ _ _ _ _ _ _ _ _ _ _ _ _ _ \n\nself = <selenium.webdriver.remote.errorhandler.ErrorHandler object at 0x7fd78f2899c0>\nresponse = {'status': 500, 'value': '{\"value\":{\"error\":\"unknown error\",\"message\":\"unknown error: Chrome failed to start: exited a...\\\\n#14 0x56158719e848 \\\\u003Cunknown>\\\\n#15 0x5615871b8c0d \\\\u003Cunknown>\\\\n#16 0x7fd21ce26609 \\\\u003Cunknown>\\\\n\"}}'}\n\n    def check_response(self, response: Dict[str, Any]) -> None:\n        \"\"\"\n        Checks that a JSON response from the WebDriver does not have an error.\n    \n        :Args:\n         - response - The JSON response from the WebDriver server as a dictionary\n           object.\n    \n        :Raises: If the response contains an error message.\n        \"\"\"\n        status = response.get('status', None)\n        if not status or status == ErrorCode.SUCCESS:\n            return\n        value = None\n        message = response.get(\"message\", \"\")\n        screen: str = response.get(\"screen\", \"\")\n        stacktrace = None\n        if isinstance(status, int):\n            value_json = response.get('value', None)\n            if value_json and isinstance(value_json, str):\n                import json\n                try:\n                    value = json.loads(value_json)\n                    if len(value.keys()) == 1:\n                        value = value['value']\n                    status = value.get('error', None)\n                    if not status:\n                        status = value.get(\"status\", ErrorCode.UNKNOWN_ERROR)\n                        message = value.get(\"value\") or value.get(\"message\")\n                        if not isinstance(message, str):\n                            value = message\n                            message = message.get('message')\n                    else:\n                        message = value.get('message', None)\n                except ValueError:\n                    pass\n    \n        exception_class: Type[WebDriverException]\n        if status in ErrorCode.NO_SUCH_ELEMENT:\n            exception_class = NoSuchElementException\n        elif status in ErrorCode.NO_SUCH_FRAME:\n            exception_class = NoSuchFrameException\n        elif status in ErrorCode.NO_SUCH_SHADOW_ROOT:\n            exception_class = NoSuchShadowRootException\n        elif status in ErrorCode.NO_SUCH_WINDOW:\n            exception_class = NoSuchWindowException\n        elif status in ErrorCode.STALE_ELEMENT_REFERENCE:\n            exception_class = StaleElementReferenceException\n        elif status in ErrorCode.ELEMENT_NOT_VISIBLE:\n            exception_class = ElementNotVisibleException\n        elif status in ErrorCode.INVALID_ELEMENT_STATE:\n            exception_class = InvalidElementStateException\n        elif status in ErrorCode.INVALID_SELECTOR \\\n                or status in ErrorCode.INVALID_XPATH_SELECTOR \\\n                or status in ErrorCode.INVALID_XPATH_SELECTOR_RETURN_TYPER:\n            exception_class = InvalidSelectorException\n        elif status in ErrorCode.ELEMENT_IS_NOT_SELECTABLE:\n            exception_class = ElementNotSelectableException\n        elif status in ErrorCode.ELEMENT_NOT_INTERACTABLE:\n            exception_class = ElementNotInteractableException\n        elif status in ErrorCode.INVALID_COOKIE_DOMAIN:\n            exception_class = InvalidCookieDomainException\n        elif status in ErrorCode.UNABLE_TO_SET_COOKIE:\n            exception_class = UnableToSetCookieException\n        elif status in ErrorCode.TIMEOUT:\n            exception_class = TimeoutException\n        elif status in ErrorCode.SCRIPT_TIMEOUT:\n            exception_class = TimeoutException\n        elif status in ErrorCode.UNKNOWN_ERROR:\n            exception_class = WebDriverException\n        elif status in ErrorCode.UNEXPECTED_ALERT_OPEN:\n            exception_class = UnexpectedAlertPresentException\n        elif status in ErrorCode.NO_ALERT_OPEN:\n            exception_class = NoAlertPresentException\n        elif status in ErrorCode.IME_NOT_AVAILABLE:\n            exception_class = ImeNotAvailableException\n        elif status in ErrorCode.IME_ENGINE_ACTIVATION_FAILED:\n            exception_class = ImeActivationFailedException\n        elif status in ErrorCode.MOVE_TARGET_OUT_OF_BOUNDS:\n            exception_class = MoveTargetOutOfBoundsException\n        elif status in ErrorCode.JAVASCRIPT_ERROR:\n            exception_class = JavascriptException\n        elif status in ErrorCode.SESSION_NOT_CREATED:\n            exception_class = SessionNotCreatedException\n        elif status in ErrorCode.INVALID_ARGUMENT:\n            exception_class = InvalidArgumentException\n        elif status in ErrorCode.NO_SUCH_COOKIE:\n            exception_class = NoSuchCookieException\n        elif status in ErrorCode.UNABLE_TO_CAPTURE_SCREEN:\n            exception_class = ScreenshotException\n        elif status in ErrorCode.ELEMENT_CLICK_INTERCEPTED:\n            exception_class = ElementClickInterceptedException\n        elif status in ErrorCode.INSECURE_CERTIFICATE:\n            exception_class = InsecureCertificateException\n        elif status in ErrorCode.INVALID_COORDINATES:\n            exception_class = InvalidCoordinatesException\n        elif status in ErrorCode.INVALID_SESSION_ID:\n            exception_class = InvalidSessionIdException\n        elif status in ErrorCode.UNKNOWN_METHOD:\n            exception_class = UnknownMethodException\n        else:\n            exception_class = WebDriverException\n        if not value:\n            value = response['value']\n        if isinstance(value, str):\n            raise exception_class(value)\n        if message == \"\" and 'message' in value:\n            message = value['message']\n    \n        screen = None  # type: ignore[assignment]\n        if 'screen' in value:\n            screen = value['screen']\n    \n        stacktrace = None\n        st_value = value.get('stackTrace') or value.get('stacktrace')\n        if st_value:\n            if isinstance(st_value, str):\n                stacktrace = st_value.split('\\n')\n            else:\n                stacktrace = []\n                try:\n                    for frame in st_value:\n                        line = self._value_or_default(frame, 'lineNumber', '')\n                        file = self._value_or_default(frame, 'fileName', '<anonymous>')\n                        if line:\n                            file = \"%s:%s\" % (file, line)\n                        meth = self._value_or_default(frame, 'methodName', '<anonymous>')\n                        if 'className' in frame:\n                            meth = \"%s.%s\" % (frame['className'], meth)\n                        msg = \"    at %s (%s)\"\n                        msg = msg % (meth, file)\n                        stacktrace.append(msg)\n                except TypeError:\n                    pass\n        if exception_class == UnexpectedAlertPresentException:\n            alert_text = None\n            if 'data' in value:\n                alert_text = value['data'].get('text')\n            elif 'alert' in value:\n                alert_text = value['alert'].get('text')\n            raise exception_class(message, screen, stacktrace, alert_text)  # type: ignore[call-arg]  # mypy is not smart enough here\n>       raise exception_class(message, screen, stacktrace)\nE       selenium.common.exceptions.WebDriverException: Message: unknown error: Chrome failed to start: exited abnormally.\nE         (unknown error: DevToolsActivePort file doesn't exist)\nE         (The process started from chrome location /usr/bin/google-chrome is no longer running, so ChromeDriver is assuming that Chrome has crashed.)\nE       Stacktrace:\nE       #0 0x561587135b13 <unknown>\nE       #1 0x561586f3c688 <unknown>\nE       #2 0x561586f60f1f <unknown>\nE       #3 0x561586f5c5aa <unknown>\nE       #4 0x561586f9764a <unknown>\nE       #5 0x561586f917a3 <unknown>\nE       #6 0x561586f670ea <unknown>\nE       #7 0x561586f68225 <unknown>\nE       #8 0x56158717d2dd <unknown>\nE       #9 0x5615871812c7 <unknown>\nE       #10 0x56158716722e <unknown>\nE       #11 0x5615871820a8 <unknown>\nE       #12 0x56158715bbc0 <unknown>\nE       #13 0x56158719e6c8 <unknown>\nE       #14 0x56158719e848 <unknown>\nE       #15 0x5615871b8c0d <unknown>\nE       #16 0x7fd21ce26609 <unknown>\n\n/opt/hostedtoolcache/Python/3.10.5/x64/lib/python3.10/site-packages/selenium/webdriver/remote/errorhandler.py:247: WebDriverException","flaky":false,"newFailed":false,"newBroken":false,"newPassed":false,"retriesCount":0,"retriesStatusChange":false,"beforeStages":[{"name":"browser_management","time":{"start":1657777324515,"stop":1657777324515,"duration":0},"status":"passed","steps":[],"attachments":[],"parameters":[],"stepsCount":0,"attachmentsCount":0,"shouldDisplayMessage":false,"hasContent":false}],"testStage":{"status":"broken","statusMessage":"selenium.common.exceptions.WebDriverException: Message: unknown error: Chrome failed to start: exited abnormally.\n  (unknown error: DevToolsActivePort file doesn't exist)\n  (The process started from chrome location /usr/bin/google-chrome is no longer running, so ChromeDriver is assuming that Chrome has crashed.)\nStacktrace:\n#0 0x561587135b13 <unknown>\n#1 0x561586f3c688 <unknown>\n#2 0x561586f60f1f <unknown>\n#3 0x561586f5c5aa <unknown>\n#4 0x561586f9764a <unknown>\n#5 0x561586f917a3 <unknown>\n#6 0x561586f670ea <unknown>\n#7 0x561586f68225 <unknown>\n#8 0x56158717d2dd <unknown>\n#9 0x5615871812c7 <unknown>\n#10 0x56158716722e <unknown>\n#11 0x5615871820a8 <unknown>\n#12 0x56158715bbc0 <unknown>\n#13 0x56158719e6c8 <unknown>\n#14 0x56158719e848 <unknown>\n#15 0x5615871b8c0d <unknown>\n#16 0x7fd21ce26609 <unknown>","statusTrace":"self = <tests.test_decorators.TestDecorators object at 0x7fd78e6f60e0>\n\n    def test_decorators(self):\n>       self.open_page()\n\ntests/test_decorators.py:27: \n_ _ _ _ _ _ _ _ _ _ _ _ _ _ _ _ _ _ _ _ _ _ _ _ _ _ _ _ _ _ _ _ _ _ _ _ _ _ _ _ \ntests/test_decorators.py:12: in open_page\n    browser.open('eroshenkoam/allure-example')\n/opt/hostedtoolcache/Python/3.10.5/x64/lib/python3.10/site-packages/selene/support/shared/browser.py:63: in open\n    self.config.get_or_create_driver().set_window_size(\n/opt/hostedtoolcache/Python/3.10.5/x64/lib/python3.10/site-packages/selene/support/shared/config.py:281: in get_or_create_driver\n    return self._source.get_or_create()\n/opt/hostedtoolcache/Python/3.10.5/x64/lib/python3.10/site-packages/selene/support/shared/config.py:129: in get_or_create\n    return self.create()\n/opt/hostedtoolcache/Python/3.10.5/x64/lib/python3.10/site-packages/selene/support/shared/config.py:110: in create\n    self._stored = self._set_driver()\n/opt/hostedtoolcache/Python/3.10.5/x64/lib/python3.10/site-packages/selene/support/shared/config.py:192: in <lambda>\n    lambda: self._set_chrome_or_firefox_from_webdriver_manager()\n/opt/hostedtoolcache/Python/3.10.5/x64/lib/python3.10/site-packages/selene/support/shared/config.py:259: in _set_chrome_or_firefox_from_webdriver_manager\n    return {'chrome': get_chrome, 'firefox': get_firefox}.get(\n/opt/hostedtoolcache/Python/3.10.5/x64/lib/python3.10/site-packages/selene/support/shared/config.py:239: in get_chrome\n    return Chrome(\n/opt/hostedtoolcache/Python/3.10.5/x64/lib/python3.10/site-packages/selenium/webdriver/chrome/webdriver.py:70: in __init__\n    super(WebDriver, self).__init__(DesiredCapabilities.CHROME['browserName'], \"goog\",\n/opt/hostedtoolcache/Python/3.10.5/x64/lib/python3.10/site-packages/selenium/webdriver/chromium/webdriver.py:92: in __init__\n    RemoteWebDriver.__init__(\n/opt/hostedtoolcache/Python/3.10.5/x64/lib/python3.10/site-packages/selenium/webdriver/remote/webdriver.py:275: in __init__\n    self.start_session(capabilities, browser_profile)\n/opt/hostedtoolcache/Python/3.10.5/x64/lib/python3.10/site-packages/selenium/webdriver/remote/webdriver.py:365: in start_session\n    response = self.execute(Command.NEW_SESSION, parameters)\n/opt/hostedtoolcache/Python/3.10.5/x64/lib/python3.10/site-packages/selenium/webdriver/remote/webdriver.py:430: in execute\n    self.error_handler.check_response(response)\n_ _ _ _ _ _ _ _ _ _ _ _ _ _ _ _ _ _ _ _ _ _ _ _ _ _ _ _ _ _ _ _ _ _ _ _ _ _ _ _ \n\nself = <selenium.webdriver.remote.errorhandler.ErrorHandler object at 0x7fd78f2899c0>\nresponse = {'status': 500, 'value': '{\"value\":{\"error\":\"unknown error\",\"message\":\"unknown error: Chrome failed to start: exited a...\\\\n#14 0x56158719e848 \\\\u003Cunknown>\\\\n#15 0x5615871b8c0d \\\\u003Cunknown>\\\\n#16 0x7fd21ce26609 \\\\u003Cunknown>\\\\n\"}}'}\n\n    def check_response(self, response: Dict[str, Any]) -> None:\n        \"\"\"\n        Checks that a JSON response from the WebDriver does not have an error.\n    \n        :Args:\n         - response - The JSON response from the WebDriver server as a dictionary\n           object.\n    \n        :Raises: If the response contains an error message.\n        \"\"\"\n        status = response.get('status', None)\n        if not status or status == ErrorCode.SUCCESS:\n            return\n        value = None\n        message = response.get(\"message\", \"\")\n        screen: str = response.get(\"screen\", \"\")\n        stacktrace = None\n        if isinstance(status, int):\n            value_json = response.get('value', None)\n            if value_json and isinstance(value_json, str):\n                import json\n                try:\n                    value = json.loads(value_json)\n                    if len(value.keys()) == 1:\n                        value = value['value']\n                    status = value.get('error', None)\n                    if not status:\n                        status = value.get(\"status\", ErrorCode.UNKNOWN_ERROR)\n                        message = value.get(\"value\") or value.get(\"message\")\n                        if not isinstance(message, str):\n                            value = message\n                            message = message.get('message')\n                    else:\n                        message = value.get('message', None)\n                except ValueError:\n                    pass\n    \n        exception_class: Type[WebDriverException]\n        if status in ErrorCode.NO_SUCH_ELEMENT:\n            exception_class = NoSuchElementException\n        elif status in ErrorCode.NO_SUCH_FRAME:\n            exception_class = NoSuchFrameException\n        elif status in ErrorCode.NO_SUCH_SHADOW_ROOT:\n            exception_class = NoSuchShadowRootException\n        elif status in ErrorCode.NO_SUCH_WINDOW:\n            exception_class = NoSuchWindowException\n        elif status in ErrorCode.STALE_ELEMENT_REFERENCE:\n            exception_class = StaleElementReferenceException\n        elif status in ErrorCode.ELEMENT_NOT_VISIBLE:\n            exception_class = ElementNotVisibleException\n        elif status in ErrorCode.INVALID_ELEMENT_STATE:\n            exception_class = InvalidElementStateException\n        elif status in ErrorCode.INVALID_SELECTOR \\\n                or status in ErrorCode.INVALID_XPATH_SELECTOR \\\n                or status in ErrorCode.INVALID_XPATH_SELECTOR_RETURN_TYPER:\n            exception_class = InvalidSelectorException\n        elif status in ErrorCode.ELEMENT_IS_NOT_SELECTABLE:\n            exception_class = ElementNotSelectableException\n        elif status in ErrorCode.ELEMENT_NOT_INTERACTABLE:\n            exception_class = ElementNotInteractableException\n        elif status in ErrorCode.INVALID_COOKIE_DOMAIN:\n            exception_class = InvalidCookieDomainException\n        elif status in ErrorCode.UNABLE_TO_SET_COOKIE:\n            exception_class = UnableToSetCookieException\n        elif status in ErrorCode.TIMEOUT:\n            exception_class = TimeoutException\n        elif status in ErrorCode.SCRIPT_TIMEOUT:\n            exception_class = TimeoutException\n        elif status in ErrorCode.UNKNOWN_ERROR:\n            exception_class = WebDriverException\n        elif status in ErrorCode.UNEXPECTED_ALERT_OPEN:\n            exception_class = UnexpectedAlertPresentException\n        elif status in ErrorCode.NO_ALERT_OPEN:\n            exception_class = NoAlertPresentException\n        elif status in ErrorCode.IME_NOT_AVAILABLE:\n            exception_class = ImeNotAvailableException\n        elif status in ErrorCode.IME_ENGINE_ACTIVATION_FAILED:\n            exception_class = ImeActivationFailedException\n        elif status in ErrorCode.MOVE_TARGET_OUT_OF_BOUNDS:\n            exception_class = MoveTargetOutOfBoundsException\n        elif status in ErrorCode.JAVASCRIPT_ERROR:\n            exception_class = JavascriptException\n        elif status in ErrorCode.SESSION_NOT_CREATED:\n            exception_class = SessionNotCreatedException\n        elif status in ErrorCode.INVALID_ARGUMENT:\n            exception_class = InvalidArgumentException\n        elif status in ErrorCode.NO_SUCH_COOKIE:\n            exception_class = NoSuchCookieException\n        elif status in ErrorCode.UNABLE_TO_CAPTURE_SCREEN:\n            exception_class = ScreenshotException\n        elif status in ErrorCode.ELEMENT_CLICK_INTERCEPTED:\n            exception_class = ElementClickInterceptedException\n        elif status in ErrorCode.INSECURE_CERTIFICATE:\n            exception_class = InsecureCertificateException\n        elif status in ErrorCode.INVALID_COORDINATES:\n            exception_class = InvalidCoordinatesException\n        elif status in ErrorCode.INVALID_SESSION_ID:\n            exception_class = InvalidSessionIdException\n        elif status in ErrorCode.UNKNOWN_METHOD:\n            exception_class = UnknownMethodException\n        else:\n            exception_class = WebDriverException\n        if not value:\n            value = response['value']\n        if isinstance(value, str):\n            raise exception_class(value)\n        if message == \"\" and 'message' in value:\n            message = value['message']\n    \n        screen = None  # type: ignore[assignment]\n        if 'screen' in value:\n            screen = value['screen']\n    \n        stacktrace = None\n        st_value = value.get('stackTrace') or value.get('stacktrace')\n        if st_value:\n            if isinstance(st_value, str):\n                stacktrace = st_value.split('\\n')\n            else:\n                stacktrace = []\n                try:\n                    for frame in st_value:\n                        line = self._value_or_default(frame, 'lineNumber', '')\n                        file = self._value_or_default(frame, 'fileName', '<anonymous>')\n                        if line:\n                            file = \"%s:%s\" % (file, line)\n                        meth = self._value_or_default(frame, 'methodName', '<anonymous>')\n                        if 'className' in frame:\n                            meth = \"%s.%s\" % (frame['className'], meth)\n                        msg = \"    at %s (%s)\"\n                        msg = msg % (meth, file)\n                        stacktrace.append(msg)\n                except TypeError:\n                    pass\n        if exception_class == UnexpectedAlertPresentException:\n            alert_text = None\n            if 'data' in value:\n                alert_text = value['data'].get('text')\n            elif 'alert' in value:\n                alert_text = value['alert'].get('text')\n            raise exception_class(message, screen, stacktrace, alert_text)  # type: ignore[call-arg]  # mypy is not smart enough here\n>       raise exception_class(message, screen, stacktrace)\nE       selenium.common.exceptions.WebDriverException: Message: unknown error: Chrome failed to start: exited abnormally.\nE         (unknown error: DevToolsActivePort file doesn't exist)\nE         (The process started from chrome location /usr/bin/google-chrome is no longer running, so ChromeDriver is assuming that Chrome has crashed.)\nE       Stacktrace:\nE       #0 0x561587135b13 <unknown>\nE       #1 0x561586f3c688 <unknown>\nE       #2 0x561586f60f1f <unknown>\nE       #3 0x561586f5c5aa <unknown>\nE       #4 0x561586f9764a <unknown>\nE       #5 0x561586f917a3 <unknown>\nE       #6 0x561586f670ea <unknown>\nE       #7 0x561586f68225 <unknown>\nE       #8 0x56158717d2dd <unknown>\nE       #9 0x5615871812c7 <unknown>\nE       #10 0x56158716722e <unknown>\nE       #11 0x5615871820a8 <unknown>\nE       #12 0x56158715bbc0 <unknown>\nE       #13 0x56158719e6c8 <unknown>\nE       #14 0x56158719e848 <unknown>\nE       #15 0x5615871b8c0d <unknown>\nE       #16 0x7fd21ce26609 <unknown>\n\n/opt/hostedtoolcache/Python/3.10.5/x64/lib/python3.10/site-packages/selenium/webdriver/remote/errorhandler.py:247: WebDriverException","steps":[{"name":"Open page eroshenkoam/allure-example","time":{"start":1657777324515,"stop":1657777325199,"duration":684},"status":"broken","statusMessage":"selenium.common.exceptions.WebDriverException: Message: unknown error: Chrome failed to start: exited abnormally.\n  (unknown error: DevToolsActivePort file doesn't exist)\n  (The process started from chrome location /usr/bin/google-chrome is no longer running, so ChromeDriver is assuming that Chrome has crashed.)\nStacktrace:\n#0 0x561587135b13 <unknown>\n#1 0x561586f3c688 <unknown>\n#2 0x561586f60f1f <unknown>\n#3 0x561586f5c5aa <unknown>\n#4 0x561586f9764a <unknown>\n#5 0x561586f917a3 <unknown>\n#6 0x561586f670ea <unknown>\n#7 0x561586f68225 <unknown>\n#8 0x56158717d2dd <unknown>\n#9 0x5615871812c7 <unknown>\n#10 0x56158716722e <unknown>\n#11 0x5615871820a8 <unknown>\n#12 0x56158715bbc0 <unknown>\n#13 0x56158719e6c8 <unknown>\n#14 0x56158719e848 <unknown>\n#15 0x5615871b8c0d <unknown>\n#16 0x7fd21ce26609 <unknown>\n\n","statusTrace":"  File \"/opt/hostedtoolcache/Python/3.10.5/x64/lib/python3.10/site-packages/allure_commons/_allure.py\", line 172, in impl\n    return func(*a, **kw)\n  File \"/home/runner/work/qa_guru_7_1/qa_guru_7_1/tests/test_decorators.py\", line 12, in open_page\n    browser.open('eroshenkoam/allure-example')\n  File \"/opt/hostedtoolcache/Python/3.10.5/x64/lib/python3.10/site-packages/selene/support/shared/browser.py\", line 63, in open\n    self.config.get_or_create_driver().set_window_size(\n  File \"/opt/hostedtoolcache/Python/3.10.5/x64/lib/python3.10/site-packages/selene/support/shared/config.py\", line 281, in get_or_create_driver\n    return self._source.get_or_create()\n  File \"/opt/hostedtoolcache/Python/3.10.5/x64/lib/python3.10/site-packages/selene/support/shared/config.py\", line 129, in get_or_create\n    return self.create()\n  File \"/opt/hostedtoolcache/Python/3.10.5/x64/lib/python3.10/site-packages/selene/support/shared/config.py\", line 110, in create\n    self._stored = self._set_driver()\n  File \"/opt/hostedtoolcache/Python/3.10.5/x64/lib/python3.10/site-packages/selene/support/shared/config.py\", line 192, in <lambda>\n    lambda: self._set_chrome_or_firefox_from_webdriver_manager()\n  File \"/opt/hostedtoolcache/Python/3.10.5/x64/lib/python3.10/site-packages/selene/support/shared/config.py\", line 259, in _set_chrome_or_firefox_from_webdriver_manager\n    return {'chrome': get_chrome, 'firefox': get_firefox}.get(\n  File \"/opt/hostedtoolcache/Python/3.10.5/x64/lib/python3.10/site-packages/selene/support/shared/config.py\", line 239, in get_chrome\n    return Chrome(\n  File \"/opt/hostedtoolcache/Python/3.10.5/x64/lib/python3.10/site-packages/selenium/webdriver/chrome/webdriver.py\", line 70, in __init__\n    super(WebDriver, self).__init__(DesiredCapabilities.CHROME['browserName'], \"goog\",\n  File \"/opt/hostedtoolcache/Python/3.10.5/x64/lib/python3.10/site-packages/selenium/webdriver/chromium/webdriver.py\", line 92, in __init__\n    RemoteWebDriver.__init__(\n  File \"/opt/hostedtoolcache/Python/3.10.5/x64/lib/python3.10/site-packages/selenium/webdriver/remote/webdriver.py\", line 275, in __init__\n    self.start_session(capabilities, browser_profile)\n  File \"/opt/hostedtoolcache/Python/3.10.5/x64/lib/python3.10/site-packages/selenium/webdriver/remote/webdriver.py\", line 365, in start_session\n    response = self.execute(Command.NEW_SESSION, parameters)\n  File \"/opt/hostedtoolcache/Python/3.10.5/x64/lib/python3.10/site-packages/selenium/webdriver/remote/webdriver.py\", line 430, in execute\n    self.error_handler.check_response(response)\n  File \"/opt/hostedtoolcache/Python/3.10.5/x64/lib/python3.10/site-packages/selenium/webdriver/remote/errorhandler.py\", line 247, in check_response\n    raise exception_class(message, screen, stacktrace)\n","steps":[],"attachments":[],"parameters":[],"stepsCount":0,"attachmentsCount":0,"shouldDisplayMessage":true,"hasContent":true}],"attachments":[{"uid":"5e17b1b4bf923de7","name":"log","source":"5e17b1b4bf923de7.txt","type":"text/plain","size":338},{"uid":"dcfa4345a682179f","name":"stdout","source":"dcfa4345a682179f.txt","type":"text/plain","size":1},{"uid":"f6e490dbe489d943","name":"stderr","source":"f6e490dbe489d943.txt","type":"text/plain","size":267}],"parameters":[],"stepsCount":1,"attachmentsCount":3,"shouldDisplayMessage":true,"hasContent":true},"afterStages":[],"labels":[{"name":"parentSuite","value":"tests"},{"name":"suite","value":"test_decorators"},{"name":"subSuite","value":"TestDecorators"},{"name":"host","value":"fv-az163-162"},{"name":"thread","value":"2419-MainThread"},{"name":"framework","value":"pytest"},{"name":"language","value":"cpython3"},{"name":"package","value":"tests.test_decorators"},{"name":"resultFormat","value":"allure2"}],"parameters":[],"links":[],"hidden":false,"retry":false,"extra":{"severity":"normal","retries":[],"categories":[{"name":"Test defects","matchedStatuses":[],"flaky":false}],"tags":[]},"source":"b4070e7c5dfb3e50.json","parameterValues":[]}